<?xml version="1.0" encoding="UTF-8"?>
<!-- Generated by org.testng.reporters.JUnitReportReporter -->
<testsuite hostname="DESKTOP-K8540DJ" failures="0" tests="10" name="executePageClasses.ExecuteLoginPageClass" time="85.035" errors="0" timestamp="2023-06-23T17:40:01 IST" skipped="0">
  <testcase classname="executePageClasses.ExecuteLoginPageClass" name="verify_Successfull_Login" time="7.534"/>
  <system-out/>
  <testcase classname="executePageClasses.ExecuteLoginPageClass" name="verify_Successfull_Login" time="9.969"/>
  <system-out/>
  <testcase classname="executePageClasses.ExecuteLoginPageClass" name="verify_UnSuccessful_Login" time="10.172"/>
  <system-out/>
  <testcase classname="executePageClasses.ExecuteLoginPageClass" name="verify_UnSuccessful_Login" time="7.225"/>
  <system-out/>
  <testcase classname="executePageClasses.ExecuteLoginPageClass" name="verify_The_Correct_Page_Is_Open_While_Hitting_The_Url" time="7.997"/>
  <system-out/>
  <testcase classname="executePageClasses.ExecuteLoginPageClass" name="verify_UnSuccessful_Login" time="11.924"/>
  <system-out/>
  <testcase classname="executePageClasses.ExecuteLoginPageClass" name="verify_UnSuccessful_Login" time="6.402"/>
  <system-out/>
  <testcase classname="executePageClasses.ExecuteLoginPageClass" name="verify_UnSuccessful_Login" time="8.289"/>
  <system-out/>
  <testcase classname="executePageClasses.ExecuteLoginPageClass" name="verify_UnSuccessful_Login" time="9.336"/>
  <system-out/>
  <testcase classname="executePageClasses.ExecuteLoginPageClass" name="verify_The_Correct_Page_Is_Open_While_Hitting_The_Url" time="6.187"/>
  <system-out/>
</testsuite> <!-- executePageClasses.ExecuteLoginPageClass -->
