<?xml version="1.0" encoding="UTF-8"?>
<!-- Generated by org.testng.reporters.JUnitReportReporter -->
<testsuite hostname="DESKTOP-K8540DJ" failures="0" tests="4" name="executePageClasses.ExecuteClientPageClass" time="108.208" errors="0" timestamp="2023-06-23T20:48:53 IST" skipped="0">
  <testcase classname="executePageClasses.ExecuteClientPageClass" name="verify_To_Create_New_Client" time="26.473"/>
  <system-out/>
  <testcase classname="executePageClasses.ExecuteClientPageClass" name="verify_Client_Search_Functionality" time="28.345"/>
  <system-out/>
  <testcase classname="executePageClasses.ExecuteClientPageClass" name="verify_Client_Search_Functionality" time="26.700"/>
  <system-out/>
  <testcase classname="executePageClasses.ExecuteClientPageClass" name="verify_To_Create_New_Client" time="26.690"/>
  <system-out/>
</testsuite> <!-- executePageClasses.ExecuteClientPageClass -->
