<?xml version="1.0" encoding="UTF-8"?>
<!-- Generated by org.testng.reporters.JUnitReportReporter -->
<testsuite hostname="DESKTOP-K8540DJ" failures="0" tests="4" name="executePageClasses.ExecuteDeductionPageClass" time="44.275" errors="0" timestamp="2023-06-23T17:40:01 IST" skipped="0">
  <testcase classname="executePageClasses.ExecuteDeductionPageClass" name="verify_To_Add_A_New_Deduction" time="11.573"/>
  <system-out/>
  <testcase classname="executePageClasses.ExecuteDeductionPageClass" name="verify_The_Page_Deduction_Is_Open_While_Clicking_On_Deductions_Tab_Or_Not" time="9.944"/>
  <system-out/>
  <testcase classname="executePageClasses.ExecuteDeductionPageClass" name="verify_To_Add_A_New_Deduction" time="13.214"/>
  <system-out/>
  <testcase classname="executePageClasses.ExecuteDeductionPageClass" name="verify_The_Page_Deduction_Is_Open_While_Clicking_On_Deductions_Tab_Or_Not" time="9.544"/>
  <system-out/>
</testsuite> <!-- executePageClasses.ExecuteDeductionPageClass -->
