<?xml version="1.0" encoding="UTF-8"?>
<!-- Generated by org.testng.reporters.JUnitReportReporter -->
<testsuite hostname="DESKTOP-K8540DJ" failures="0" tests="12" name="executePageClasses.ExecuteDashBoardPageClass" time="117.016" errors="0" timestamp="2023-06-23T17:40:01 IST" skipped="0">
  <testcase classname="executePageClasses.ExecuteDashBoardPageClass" name="verify_Client_Tab_Is_Displayed_Or_Not" time="10.149"/>
  <system-out/>
  <testcase classname="executePageClasses.ExecuteDashBoardPageClass" name="f" time="9.434"/>
  <system-out/>
  <testcase classname="executePageClasses.ExecuteDashBoardPageClass" name="verify_The_Logo_Is_Displayed_Or_Not" time="8.219"/>
  <system-out/>
  <testcase classname="executePageClasses.ExecuteDashBoardPageClass" name="verify_Deduction_Tab_Is_Displayed_Or_Not" time="9.874"/>
  <system-out/>
  <testcase classname="executePageClasses.ExecuteDashBoardPageClass" name="verify_Client_Tab_Is_Displayed_Or_Not" time="10.646"/>
  <system-out/>
  <testcase classname="executePageClasses.ExecuteDashBoardPageClass" name="verify_Welcome_Msg_Is_Displayed_Or_Not" time="9.009"/>
  <system-out/>
  <testcase classname="executePageClasses.ExecuteDashBoardPageClass" name="f" time="9.430"/>
  <system-out/>
  <testcase classname="executePageClasses.ExecuteDashBoardPageClass" name="verify_Welcome_Msg_Is_Displayed_Or_Not" time="10.736"/>
  <system-out/>
  <testcase classname="executePageClasses.ExecuteDashBoardPageClass" name="verify_Workers_Tab_Is_Displayed_Or_Not" time="9.656"/>
  <system-out/>
  <testcase classname="executePageClasses.ExecuteDashBoardPageClass" name="verify_Deduction_Tab_Is_Displayed_Or_Not" time="9.509"/>
  <system-out/>
  <testcase classname="executePageClasses.ExecuteDashBoardPageClass" name="verify_The_Logo_Is_Displayed_Or_Not" time="10.477"/>
  <system-out/>
  <testcase classname="executePageClasses.ExecuteDashBoardPageClass" name="verify_Workers_Tab_Is_Displayed_Or_Not" time="9.877"/>
  <system-out/>
</testsuite> <!-- executePageClasses.ExecuteDashBoardPageClass -->
